<?xml version="1.0" encoding="UTF-8"?>
<testsuite xmlns:xsi="http://www.w3.org/2001/XMLSchema-instance" xsi:noNamespaceSchemaLocation="https://maven.apache.org/surefire/maven-surefire-plugin/xsd/surefire-test-report.xsd" name="service.UserServiceTest" time="0.225" tests="7" errors="0" skipped="0" failures="0">
  <properties>
[...]
</properties>
  <testcase name="loginSuccessIfUserExists" classname="service.UserServiceTest" time="0.13"/>
  <testcase name="usersSizeIfUserAdded" classname="service.UserServiceTest" time="0.014"/>
  <testcase name="usersConvertedToMapById" classname="service.UserServiceTest" time="0.016"/>
  <testcase name="usersEmptyIfNoUserAdded" classname="service.UserServiceTest" time="0.004"/>
  <testcase name="throwExceptionIfUsernameOrPasswordIsNull" classname="service.UserServiceTest" time="0.006"/>
  <testcase name="loginFailedIfPasswordIsNotCorrect" classname="service.UserServiceTest" time="0.003"/>
  <testcase name="loginFailedIfUserDoesNotExist" classname="service.UserServiceTest" time="0.003"/>
</testsuite>